<?xml version="1.0" encoding="UTF-8"?>
<!-- Generated by org.testng.reporters.JUnitXMLReporter -->
<testsuite ignored="0" hostname="LAPTOP-P45OG49M" failures="0" tests="4" name="Default test" time="24.67" errors="0" timestamp="2024-11-25T12:49:09 IST">
  <testcase classname="com.FitPeo.TestClasses.LoginTest" name="TestHomePage" time="2.611"/>
  <testcase classname="com.FitPeo.TestClasses.LoginTest" name="TestSlider" time="5.956"/>
  <testcase classname="com.FitPeo.TestClasses.LoginTest" name="TestCheckBoxes" time="7.54"/>
  <testcase classname="com.FitPeo.TestClasses.LoginTest" name="TestAdjustSliderAgain" time="3.008"/>
</testsuite> <!-- Default test -->
